start logging...
program PS3 BIOS.
program from TF.
start programming.
read 0:bkpps3.bin at 0x00000000 ... OK.
erase PS3 BIOS at 0x00000000 ... OK.
write PS3 BIOS at 0x00000000 ... OK.
read 0:bkpps3.bin at 0x00008000 ... OK.
write PS3 BIOS at 0x00008000 ... OK.
read 0:bkpps3.bin at 0x00010000 ... OK.
write PS3 BIOS at 0x00010000 ... OK.
read 0:bkpps3.bin at 0x00018000 ... OK.
write PS3 BIOS at 0x00018000 ... OK.
read 0:bkpps3.bin at 0x00020000 ... OK.
erase PS3 BIOS at 0x00020000 ... OK.
write PS3 BIOS at 0x00020000 ... OK.
read 0:bkpps3.bin at 0x00028000 ... OK.
write PS3 BIOS at 0x00028000 ... OK.
read 0:bkpps3.bin at 0x00030000 ... OK.
write PS3 BIOS at 0x00030000 ... OK.
read 0:bkpps3.bin at 0x00038000 ... OK.
write PS3 BIOS at 0x00038000 ... OK.
read 0:bkpps3.bin at 0x00040000 ... OK.
erase PS3 BIOS at 0x00040000 ... OK.
write PS3 BIOS at 0x00040000 ... OK.
read 0:bkpps3.bin at 0x00048000 ... OK.
write PS3 BIOS at 0x00048000 ... OK.
read 0:bkpps3.bin at 0x00050000 ... OK.
write PS3 BIOS at 0x00050000 ... OK.
read 0:bkpps3.bin at 0x00058000 ... OK.
write PS3 BIOS at 0x00058000 ... OK.
read 0:bkpps3.bin at 0x00060000 ... OK.
erase PS3 BIOS at 0x00060000 ... OK.
write PS3 BIOS at 0x00060000 ... OK.
read 0:bkpps3.bin at 0x00068000 ... OK.
write PS3 BIOS at 0x00068000 ... OK.
read 0:bkpps3.bin at 0x00070000 ... OK.
write PS3 BIOS at 0x00070000 ... OK.
read 0:bkpps3.bin at 0x00078000 ... OK.
write PS3 BIOS at 0x00078000 ... OK.
read 0:bkpps3.bin at 0x00080000 ... OK.
erase PS3 BIOS at 0x00080000 ... OK.
write PS3 BIOS at 0x00080000 ... OK.
read 0:bkpps3.bin at 0x00088000 ... OK.
write PS3 BIOS at 0x00088000 ... OK.
read 0:bkpps3.bin at 0x00090000 ... OK.
write PS3 BIOS at 0x00090000 ... OK.
read 0:bkpps3.bin at 0x00098000 ... OK.
write PS3 BIOS at 0x00098000 ... OK.
read 0:bkpps3.bin at 0x000A0000 ... OK.
erase PS3 BIOS at 0x000A0000 ... OK.
write PS3 BIOS at 0x000A0000 ... OK.
read 0:bkpps3.bin at 0x000A8000 ... OK.
write PS3 BIOS at 0x000A8000 ... OK.
read 0:bkpps3.bin at 0x000B0000 ... OK.
write PS3 BIOS at 0x000B0000 ... OK.
read 0:bkpps3.bin at 0x000B8000 ... OK.
write PS3 BIOS at 0x000B8000 ... OK.
read 0:bkpps3.bin at 0x000C0000 ... OK.
erase PS3 BIOS at 0x000C0000 ... OK.
write PS3 BIOS at 0x000C0000 ... OK.
read 0:bkpps3.bin at 0x000C8000 ... OK.
write PS3 BIOS at 0x000C8000 ... OK.
read 0:bkpps3.bin at 0x000D0000 ... OK.
write PS3 BIOS at 0x000D0000 ... OK.
read 0:bkpps3.bin at 0x000D8000 ... OK.
write PS3 BIOS at 0x000D8000 ... OK.
read 0:bkpps3.bin at 0x000E0000 ... OK.
erase PS3 BIOS at 0x000E0000 ... OK.
write PS3 BIOS at 0x000E0000 ... OK.
read 0:bkpps3.bin at 0x000E8000 ... OK.
write PS3 BIOS at 0x000E8000 ... OK.
read 0:bkpps3.bin at 0x000F0000 ... OK.
write PS3 BIOS at 0x000F0000 ... OK.
read 0:bkpps3.bin at 0x000F8000 ... OK.
write PS3 BIOS at 0x000F8000 ... OK.
read 0:bkpps3.bin at 0x00100000 ... OK.
erase PS3 BIOS at 0x00100000 ... OK.
write PS3 BIOS at 0x00100000 ... OK.
read 0:bkpps3.bin at 0x00108000 ... OK.
write PS3 BIOS at 0x00108000 ... OK.
read 0:bkpps3.bin at 0x00110000 ... OK.
write PS3 BIOS at 0x00110000 ... OK.
read 0:bkpps3.bin at 0x00118000 ... OK.
write PS3 BIOS at 0x00118000 ... OK.
read 0:bkpps3.bin at 0x00120000 ... OK.
erase PS3 BIOS at 0x00120000 ... OK.
write PS3 BIOS at 0x00120000 ... OK.
read 0:bkpps3.bin at 0x00128000 ... OK.
write PS3 BIOS at 0x00128000 ... OK.
read 0:bkpps3.bin at 0x00130000 ... OK.
write PS3 BIOS at 0x00130000 ... OK.
read 0:bkpps3.bin at 0x00138000 ... OK.
write PS3 BIOS at 0x00138000 ... OK.
read 0:bkpps3.bin at 0x00140000 ... OK.
erase PS3 BIOS at 0x00140000 ... OK.
write PS3 BIOS at 0x00140000 ... OK.
read 0:bkpps3.bin at 0x00148000 ... OK.
write PS3 BIOS at 0x00148000 ... OK.
read 0:bkpps3.bin at 0x00150000 ... OK.
write PS3 BIOS at 0x00150000 ... OK.
read 0:bkpps3.bin at 0x00158000 ... OK.
write PS3 BIOS at 0x00158000 ... OK.
read 0:bkpps3.bin at 0x00160000 ... OK.
erase PS3 BIOS at 0x00160000 ... OK.
write PS3 BIOS at 0x00160000 ... OK.
read 0:bkpps3.bin at 0x00168000 ... OK.
write PS3 BIOS at 0x00168000 ... OK.
read 0:bkpps3.bin at 0x00170000 ... OK.
write PS3 BIOS at 0x00170000 ... OK.
read 0:bkpps3.bin at 0x00178000 ... OK.
write PS3 BIOS at 0x00178000 ... OK.
read 0:bkpps3.bin at 0x00180000 ... OK.
erase PS3 BIOS at 0x00180000 ... OK.
write PS3 BIOS at 0x00180000 ... OK.
read 0:bkpps3.bin at 0x00188000 ... OK.
write PS3 BIOS at 0x00188000 ... OK.
read 0:bkpps3.bin at 0x00190000 ... OK.
write PS3 BIOS at 0x00190000 ... OK.
read 0:bkpps3.bin at 0x00198000 ... OK.
write PS3 BIOS at 0x00198000 ... OK.
read 0:bkpps3.bin at 0x001A0000 ... OK.
erase PS3 BIOS at 0x001A0000 ... OK.
write PS3 BIOS at 0x001A0000 ... OK.
read 0:bkpps3.bin at 0x001A8000 ... OK.
write PS3 BIOS at 0x001A8000 ... OK.
read 0:bkpps3.bin at 0x001B0000 ... OK.
write PS3 BIOS at 0x001B0000 ... OK.
read 0:bkpps3.bin at 0x001B8000 ... OK.
write PS3 BIOS at 0x001B8000 ... OK.
read 0:bkpps3.bin at 0x001C0000 ... OK.
erase PS3 BIOS at 0x001C0000 ... OK.
write PS3 BIOS at 0x001C0000 ... OK.
read 0:bkpps3.bin at 0x001C8000 ... OK.
write PS3 BIOS at 0x001C8000 ... OK.
read 0:bkpps3.bin at 0x001D0000 ... OK.
write PS3 BIOS at 0x001D0000 ... OK.
read 0:bkpps3.bin at 0x001D8000 ... OK.
write PS3 BIOS at 0x001D8000 ... OK.
read 0:bkpps3.bin at 0x001E0000 ... OK.
erase PS3 BIOS at 0x001E0000 ... OK.
write PS3 BIOS at 0x001E0000 ... OK.
read 0:bkpps3.bin at 0x001E8000 ... OK.
write PS3 BIOS at 0x001E8000 ... OK.
read 0:bkpps3.bin at 0x001F0000 ... OK.
write PS3 BIOS at 0x001F0000 ... OK.
read 0:bkpps3.bin at 0x001F8000 ... OK.
write PS3 BIOS at 0x001F8000 ... OK.
read 0:bkpps3.bin at 0x00200000 ... OK.
erase PS3 BIOS at 0x00200000 ... OK.
write PS3 BIOS at 0x00200000 ... OK.
read 0:bkpps3.bin at 0x00208000 ... OK.
write PS3 BIOS at 0x00208000 ... OK.
read 0:bkpps3.bin at 0x00210000 ... OK.
write PS3 BIOS at 0x00210000 ... OK.
read 0:bkpps3.bin at 0x00218000 ... OK.
write PS3 BIOS at 0x00218000 ... OK.
read 0:bkpps3.bin at 0x00220000 ... OK.
erase PS3 BIOS at 0x00220000 ... OK.
write PS3 BIOS at 0x00220000 ... OK.
read 0:bkpps3.bin at 0x00228000 ... OK.
write PS3 BIOS at 0x00228000 ... OK.
read 0:bkpps3.bin at 0x00230000 ... OK.
write PS3 BIOS at 0x00230000 ... OK.
read 0:bkpps3.bin at 0x00238000 ... OK.
write PS3 BIOS at 0x00238000 ... OK.
read 0:bkpps3.bin at 0x00240000 ... OK.
erase PS3 BIOS at 0x00240000 ... OK.
write PS3 BIOS at 0x00240000 ... OK.
read 0:bkpps3.bin at 0x00248000 ... OK.
write PS3 BIOS at 0x00248000 ... OK.
read 0:bkpps3.bin at 0x00250000 ... OK.
write PS3 BIOS at 0x00250000 ... OK.
read 0:bkpps3.bin at 0x00258000 ... OK.
write PS3 BIOS at 0x00258000 ... OK.
read 0:bkpps3.bin at 0x00260000 ... OK.
erase PS3 BIOS at 0x00260000 ... OK.
write PS3 BIOS at 0x00260000 ... OK.
read 0:bkpps3.bin at 0x00268000 ... OK.
write PS3 BIOS at 0x00268000 ... OK.
read 0:bkpps3.bin at 0x00270000 ... OK.
write PS3 BIOS at 0x00270000 ... OK.
read 0:bkpps3.bin at 0x00278000 ... OK.
write PS3 BIOS at 0x00278000 ... OK.
read 0:bkpps3.bin at 0x00280000 ... OK.
erase PS3 BIOS at 0x00280000 ... OK.
write PS3 BIOS at 0x00280000 ... OK.
read 0:bkpps3.bin at 0x00288000 ... OK.
write PS3 BIOS at 0x00288000 ... OK.
read 0:bkpps3.bin at 0x00290000 ... OK.
write PS3 BIOS at 0x00290000 ... OK.
read 0:bkpps3.bin at 0x00298000 ... OK.
write PS3 BIOS at 0x00298000 ... OK.
read 0:bkpps3.bin at 0x002A0000 ... OK.
erase PS3 BIOS at 0x002A0000 ... OK.
write PS3 BIOS at 0x002A0000 ... OK.
read 0:bkpps3.bin at 0x002A8000 ... OK.
write PS3 BIOS at 0x002A8000 ... OK.
read 0:bkpps3.bin at 0x002B0000 ... OK.
write PS3 BIOS at 0x002B0000 ... OK.
read 0:bkpps3.bin at 0x002B8000 ... OK.
write PS3 BIOS at 0x002B8000 ... OK.
read 0:bkpps3.bin at 0x002C0000 ... OK.
erase PS3 BIOS at 0x002C0000 ... OK.
write PS3 BIOS at 0x002C0000 ... OK.
read 0:bkpps3.bin at 0x002C8000 ... OK.
write PS3 BIOS at 0x002C8000 ... OK.
read 0:bkpps3.bin at 0x002D0000 ... OK.
write PS3 BIOS at 0x002D0000 ... OK.
read 0:bkpps3.bin at 0x002D8000 ... OK.
write PS3 BIOS at 0x002D8000 ... OK.
read 0:bkpps3.bin at 0x002E0000 ... OK.
erase PS3 BIOS at 0x002E0000 ... OK.
write PS3 BIOS at 0x002E0000 ... OK.
read 0:bkpps3.bin at 0x002E8000 ... OK.
write PS3 BIOS at 0x002E8000 ... OK.
read 0:bkpps3.bin at 0x002F0000 ... OK.
write PS3 BIOS at 0x002F0000 ... OK.
read 0:bkpps3.bin at 0x002F8000 ... OK.
write PS3 BIOS at 0x002F8000 ... OK.
read 0:bkpps3.bin at 0x00300000 ... OK.
erase PS3 BIOS at 0x00300000 ... OK.
write PS3 BIOS at 0x00300000 ... OK.
read 0:bkpps3.bin at 0x00308000 ... OK.
write PS3 BIOS at 0x00308000 ... OK.
read 0:bkpps3.bin at 0x00310000 ... OK.
write PS3 BIOS at 0x00310000 ... OK.
read 0:bkpps3.bin at 0x00318000 ... OK.
write PS3 BIOS at 0x00318000 ... OK.
read 0:bkpps3.bin at 0x00320000 ... OK.
erase PS3 BIOS at 0x00320000 ... OK.
write PS3 BIOS at 0x00320000 ... OK.
read 0:bkpps3.bin at 0x00328000 ... OK.
write PS3 BIOS at 0x00328000 ... OK.
read 0:bkpps3.bin at 0x00330000 ... OK.
write PS3 BIOS at 0x00330000 ... OK.
read 0:bkpps3.bin at 0x00338000 ... OK.
write PS3 BIOS at 0x00338000 ... OK.
read 0:bkpps3.bin at 0x00340000 ... OK.
erase PS3 BIOS at 0x00340000 ... OK.
write PS3 BIOS at 0x00340000 ... OK.
read 0:bkpps3.bin at 0x00348000 ... OK.
write PS3 BIOS at 0x00348000 ... OK.
read 0:bkpps3.bin at 0x00350000 ... OK.
write PS3 BIOS at 0x00350000 ... OK.
read 0:bkpps3.bin at 0x00358000 ... OK.
write PS3 BIOS at 0x00358000 ... OK.
read 0:bkpps3.bin at 0x00360000 ... OK.
erase PS3 BIOS at 0x00360000 ... OK.
write PS3 BIOS at 0x00360000 ... OK.
read 0:bkpps3.bin at 0x00368000 ... OK.
write PS3 BIOS at 0x00368000 ... OK.
read 0:bkpps3.bin at 0x00370000 ... OK.
write PS3 BIOS at 0x00370000 ... OK.
read 0:bkpps3.bin at 0x00378000 ... OK.
write PS3 BIOS at 0x00378000 ... OK.
read 0:bkpps3.bin at 0x00380000 ... OK.
erase PS3 BIOS at 0x00380000 ... OK.
write PS3 BIOS at 0x00380000 ... OK.
read 0:bkpps3.bin at 0x00388000 ... OK.
write PS3 BIOS at 0x00388000 ... OK.
read 0:bkpps3.bin at 0x00390000 ... OK.
write PS3 BIOS at 0x00390000 ... OK.
read 0:bkpps3.bin at 0x00398000 ... OK.
write PS3 BIOS at 0x00398000 ... OK.
read 0:bkpps3.bin at 0x003A0000 ... OK.
erase PS3 BIOS at 0x003A0000 ... OK.
write PS3 BIOS at 0x003A0000 ... OK.
read 0:bkpps3.bin at 0x003A8000 ... OK.
write PS3 BIOS at 0x003A8000 ... OK.
read 0:bkpps3.bin at 0x003B0000 ... OK.
write PS3 BIOS at 0x003B0000 ... OK.
read 0:bkpps3.bin at 0x003B8000 ... OK.
write PS3 BIOS at 0x003B8000 ... OK.
read 0:bkpps3.bin at 0x003C0000 ... OK.
erase PS3 BIOS at 0x003C0000 ... OK.
write PS3 BIOS at 0x003C0000 ... OK.
read 0:bkpps3.bin at 0x003C8000 ... OK.
write PS3 BIOS at 0x003C8000 ... OK.
read 0:bkpps3.bin at 0x003D0000 ... OK.
write PS3 BIOS at 0x003D0000 ... OK.
read 0:bkpps3.bin at 0x003D8000 ... OK.
write PS3 BIOS at 0x003D8000 ... OK.
read 0:bkpps3.bin at 0x003E0000 ... OK.
erase PS3 BIOS at 0x003E0000 ... OK.
write PS3 BIOS at 0x003E0000 ... OK.
read 0:bkpps3.bin at 0x003E8000 ... OK.
write PS3 BIOS at 0x003E8000 ... OK.
read 0:bkpps3.bin at 0x003F0000 ... OK.
write PS3 BIOS at 0x003F0000 ... OK.
read 0:bkpps3.bin at 0x003F8000 ... OK.
write PS3 BIOS at 0x003F8000 ... OK.
read 0:bkpps3.bin at 0x00400000 ... OK.
erase PS3 BIOS at 0x00400000 ... OK.
write PS3 BIOS at 0x00400000 ... OK.
read 0:bkpps3.bin at 0x00408000 ... OK.
write PS3 BIOS at 0x00408000 ... OK.
read 0:bkpps3.bin at 0x00410000 ... OK.
write PS3 BIOS at 0x00410000 ... OK.
read 0:bkpps3.bin at 0x00418000 ... OK.
write PS3 BIOS at 0x00418000 ... OK.
read 0:bkpps3.bin at 0x00420000 ... OK.
erase PS3 BIOS at 0x00420000 ... OK.
write PS3 BIOS at 0x00420000 ... OK.
read 0:bkpps3.bin at 0x00428000 ... OK.
write PS3 BIOS at 0x00428000 ... OK.
read 0:bkpps3.bin at 0x00430000 ... OK.
write PS3 BIOS at 0x00430000 ... OK.
read 0:bkpps3.bin at 0x00438000 ... OK.
write PS3 BIOS at 0x00438000 ... OK.
read 0:bkpps3.bin at 0x00440000 ... OK.
erase PS3 BIOS at 0x00440000 ... OK.
write PS3 BIOS at 0x00440000 ... OK.
read 0:bkpps3.bin at 0x00448000 ... OK.
write PS3 BIOS at 0x00448000 ... OK.
read 0:bkpps3.bin at 0x00450000 ... OK.
write PS3 BIOS at 0x00450000 ... OK.
read 0:bkpps3.bin at 0x00458000 ... OK.
write PS3 BIOS at 0x00458000 ... OK.
read 0:bkpps3.bin at 0x00460000 ... OK.
erase PS3 BIOS at 0x00460000 ... OK.
write PS3 BIOS at 0x00460000 ... OK.
read 0:bkpps3.bin at 0x00468000 ... OK.
write PS3 BIOS at 0x00468000 ... OK.
read 0:bkpps3.bin at 0x00470000 ... OK.
write PS3 BIOS at 0x00470000 ... OK.
read 0:bkpps3.bin at 0x00478000 ... OK.
write PS3 BIOS at 0x00478000 ... OK.
read 0:bkpps3.bin at 0x00480000 ... OK.
erase PS3 BIOS at 0x00480000 ... OK.
write PS3 BIOS at 0x00480000 ... OK.
read 0:bkpps3.bin at 0x00488000 ... OK.
write PS3 BIOS at 0x00488000 ... OK.
read 0:bkpps3.bin at 0x00490000 ... OK.
write PS3 BIOS at 0x00490000 ... OK.
read 0:bkpps3.bin at 0x00498000 ... OK.
write PS3 BIOS at 0x00498000 ... OK.
read 0:bkpps3.bin at 0x004A0000 ... OK.
erase PS3 BIOS at 0x004A0000 ... OK.
write PS3 BIOS at 0x004A0000 ... OK.
read 0:bkpps3.bin at 0x004A8000 ... OK.
write PS3 BIOS at 0x004A8000 ... OK.
read 0:bkpps3.bin at 0x004B0000 ... OK.
write PS3 BIOS at 0x004B0000 ... OK.
read 0:bkpps3.bin at 0x004B8000 ... OK.
write PS3 BIOS at 0x004B8000 ... OK.
read 0:bkpps3.bin at 0x004C0000 ... OK.
erase PS3 BIOS at 0x004C0000 ... OK.
write PS3 BIOS at 0x004C0000 ... OK.
read 0:bkpps3.bin at 0x004C8000 ... OK.
write PS3 BIOS at 0x004C8000 ... OK.
read 0:bkpps3.bin at 0x004D0000 ... OK.
write PS3 BIOS at 0x004D0000 ... OK.
read 0:bkpps3.bin at 0x004D8000 ... OK.
write PS3 BIOS at 0x004D8000 ... OK.
read 0:bkpps3.bin at 0x004E0000 ... OK.
erase PS3 BIOS at 0x004E0000 ... OK.
write PS3 BIOS at 0x004E0000 ... OK.
read 0:bkpps3.bin at 0x004E8000 ... OK.
write PS3 BIOS at 0x004E8000 ... OK.
read 0:bkpps3.bin at 0x004F0000 ... OK.
write PS3 BIOS at 0x004F0000 ... OK.
read 0:bkpps3.bin at 0x004F8000 ... OK.
write PS3 BIOS at 0x004F8000 ... OK.
read 0:bkpps3.bin at 0x00500000 ... OK.
erase PS3 BIOS at 0x00500000 ... OK.
write PS3 BIOS at 0x00500000 ... OK.
read 0:bkpps3.bin at 0x00508000 ... OK.
write PS3 BIOS at 0x00508000 ... OK.
read 0:bkpps3.bin at 0x00510000 ... OK.
write PS3 BIOS at 0x00510000 ... OK.
read 0:bkpps3.bin at 0x00518000 ... OK.
write PS3 BIOS at 0x00518000 ... OK.
read 0:bkpps3.bin at 0x00520000 ... OK.
erase PS3 BIOS at 0x00520000 ... OK.
write PS3 BIOS at 0x00520000 ... OK.
read 0:bkpps3.bin at 0x00528000 ... OK.
write PS3 BIOS at 0x00528000 ... OK.
read 0:bkpps3.bin at 0x00530000 ... OK.
write PS3 BIOS at 0x00530000 ... OK.
read 0:bkpps3.bin at 0x00538000 ... OK.
write PS3 BIOS at 0x00538000 ... OK.
read 0:bkpps3.bin at 0x00540000 ... OK.
erase PS3 BIOS at 0x00540000 ... OK.
write PS3 BIOS at 0x00540000 ... OK.
read 0:bkpps3.bin at 0x00548000 ... OK.
write PS3 BIOS at 0x00548000 ... OK.
read 0:bkpps3.bin at 0x00550000 ... OK.
write PS3 BIOS at 0x00550000 ... OK.
read 0:bkpps3.bin at 0x00558000 ... OK.
write PS3 BIOS at 0x00558000 ... OK.
read 0:bkpps3.bin at 0x00560000 ... OK.
erase PS3 BIOS at 0x00560000 ... OK.
write PS3 BIOS at 0x00560000 ... OK.
read 0:bkpps3.bin at 0x00568000 ... OK.
write PS3 BIOS at 0x00568000 ... OK.
read 0:bkpps3.bin at 0x00570000 ... OK.
write PS3 BIOS at 0x00570000 ... OK.
read 0:bkpps3.bin at 0x00578000 ... OK.
write PS3 BIOS at 0x00578000 ... OK.
read 0:bkpps3.bin at 0x00580000 ... OK.
erase PS3 BIOS at 0x00580000 ... OK.
write PS3 BIOS at 0x00580000 ... OK.
read 0:bkpps3.bin at 0x00588000 ... OK.
write PS3 BIOS at 0x00588000 ... OK.
read 0:bkpps3.bin at 0x00590000 ... OK.
write PS3 BIOS at 0x00590000 ... OK.
read 0:bkpps3.bin at 0x00598000 ... OK.
write PS3 BIOS at 0x00598000 ... OK.
read 0:bkpps3.bin at 0x005A0000 ... OK.
erase PS3 BIOS at 0x005A0000 ... OK.
write PS3 BIOS at 0x005A0000 ... OK.
read 0:bkpps3.bin at 0x005A8000 ... OK.
write PS3 BIOS at 0x005A8000 ... OK.
read 0:bkpps3.bin at 0x005B0000 ... OK.
write PS3 BIOS at 0x005B0000 ... OK.
read 0:bkpps3.bin at 0x005B8000 ... OK.
write PS3 BIOS at 0x005B8000 ... OK.
read 0:bkpps3.bin at 0x005C0000 ... OK.
erase PS3 BIOS at 0x005C0000 ... OK.
write PS3 BIOS at 0x005C0000 ... OK.
read 0:bkpps3.bin at 0x005C8000 ... OK.
write PS3 BIOS at 0x005C8000 ... OK.
read 0:bkpps3.bin at 0x005D0000 ... OK.
write PS3 BIOS at 0x005D0000 ... OK.
read 0:bkpps3.bin at 0x005D8000 ... OK.
write PS3 BIOS at 0x005D8000 ... OK.
read 0:bkpps3.bin at 0x005E0000 ... OK.
erase PS3 BIOS at 0x005E0000 ... OK.
write PS3 BIOS at 0x005E0000 ... OK.
read 0:bkpps3.bin at 0x005E8000 ... OK.
write PS3 BIOS at 0x005E8000 ... OK.
read 0:bkpps3.bin at 0x005F0000 ... OK.
write PS3 BIOS at 0x005F0000 ... OK.
read 0:bkpps3.bin at 0x005F8000 ... OK.
write PS3 BIOS at 0x005F8000 ... OK.
read 0:bkpps3.bin at 0x00600000 ... OK.
erase PS3 BIOS at 0x00600000 ... OK.
write PS3 BIOS at 0x00600000 ... OK.
read 0:bkpps3.bin at 0x00608000 ... OK.
write PS3 BIOS at 0x00608000 ... OK.
read 0:bkpps3.bin at 0x00610000 ... OK.
write PS3 BIOS at 0x00610000 ... OK.
read 0:bkpps3.bin at 0x00618000 ... OK.
write PS3 BIOS at 0x00618000 ... OK.
read 0:bkpps3.bin at 0x00620000 ... OK.
erase PS3 BIOS at 0x00620000 ... OK.
write PS3 BIOS at 0x00620000 ... OK.
read 0:bkpps3.bin at 0x00628000 ... OK.
write PS3 BIOS at 0x00628000 ... OK.
read 0:bkpps3.bin at 0x00630000 ... OK.
write PS3 BIOS at 0x00630000 ... OK.
read 0:bkpps3.bin at 0x00638000 ... OK.
write PS3 BIOS at 0x00638000 ... OK.
read 0:bkpps3.bin at 0x00640000 ... OK.
erase PS3 BIOS at 0x00640000 ... OK.
write PS3 BIOS at 0x00640000 ... OK.
read 0:bkpps3.bin at 0x00648000 ... OK.
write PS3 BIOS at 0x00648000 ... OK.
read 0:bkpps3.bin at 0x00650000 ... OK.
write PS3 BIOS at 0x00650000 ... OK.
read 0:bkpps3.bin at 0x00658000 ... OK.
write PS3 BIOS at 0x00658000 ... OK.
read 0:bkpps3.bin at 0x00660000 ... OK.
erase PS3 BIOS at 0x00660000 ... OK.
write PS3 BIOS at 0x00660000 ... OK.
read 0:bkpps3.bin at 0x00668000 ... OK.
write PS3 BIOS at 0x00668000 ... OK.
read 0:bkpps3.bin at 0x00670000 ... OK.
write PS3 BIOS at 0x00670000 ... OK.
read 0:bkpps3.bin at 0x00678000 ... OK.
write PS3 BIOS at 0x00678000 ... OK.
read 0:bkpps3.bin at 0x00680000 ... OK.
erase PS3 BIOS at 0x00680000 ... OK.
write PS3 BIOS at 0x00680000 ... OK.
read 0:bkpps3.bin at 0x00688000 ... OK.
write PS3 BIOS at 0x00688000 ... OK.
read 0:bkpps3.bin at 0x00690000 ... OK.
write PS3 BIOS at 0x00690000 ... OK.
read 0:bkpps3.bin at 0x00698000 ... OK.
write PS3 BIOS at 0x00698000 ... OK.
read 0:bkpps3.bin at 0x006A0000 ... OK.
erase PS3 BIOS at 0x006A0000 ... OK.
write PS3 BIOS at 0x006A0000 ... OK.
read 0:bkpps3.bin at 0x006A8000 ... OK.
write PS3 BIOS at 0x006A8000 ... OK.
read 0:bkpps3.bin at 0x006B0000 ... OK.
write PS3 BIOS at 0x006B0000 ... OK.
read 0:bkpps3.bin at 0x006B8000 ... OK.
write PS3 BIOS at 0x006B8000 ... OK.
read 0:bkpps3.bin at 0x006C0000 ... OK.
erase PS3 BIOS at 0x006C0000 ... OK.
write PS3 BIOS at 0x006C0000 ... OK.
read 0:bkpps3.bin at 0x006C8000 ... OK.
write PS3 BIOS at 0x006C8000 ... OK.
read 0:bkpps3.bin at 0x006D0000 ... OK.
write PS3 BIOS at 0x006D0000 ... OK.
read 0:bkpps3.bin at 0x006D8000 ... OK.
write PS3 BIOS at 0x006D8000 ... OK.
read 0:bkpps3.bin at 0x006E0000 ... OK.
erase PS3 BIOS at 0x006E0000 ... OK.
write PS3 BIOS at 0x006E0000 ... OK.
read 0:bkpps3.bin at 0x006E8000 ... OK.
write PS3 BIOS at 0x006E8000 ... OK.
read 0:bkpps3.bin at 0x006F0000 ... OK.
write PS3 BIOS at 0x006F0000 ... OK.
read 0:bkpps3.bin at 0x006F8000 ... OK.
write PS3 BIOS at 0x006F8000 ... OK.
read 0:bkpps3.bin at 0x00700000 ... OK.
erase PS3 BIOS at 0x00700000 ... OK.
write PS3 BIOS at 0x00700000 ... OK.
read 0:bkpps3.bin at 0x00708000 ... OK.
write PS3 BIOS at 0x00708000 ... OK.
read 0:bkpps3.bin at 0x00710000 ... OK.
write PS3 BIOS at 0x00710000 ... OK.
read 0:bkpps3.bin at 0x00718000 ... OK.
write PS3 BIOS at 0x00718000 ... OK.
read 0:bkpps3.bin at 0x00720000 ... OK.
erase PS3 BIOS at 0x00720000 ... OK.
write PS3 BIOS at 0x00720000 ... OK.
read 0:bkpps3.bin at 0x00728000 ... OK.
write PS3 BIOS at 0x00728000 ... OK.
read 0:bkpps3.bin at 0x00730000 ... OK.
write PS3 BIOS at 0x00730000 ... OK.
read 0:bkpps3.bin at 0x00738000 ... OK.
write PS3 BIOS at 0x00738000 ... OK.
read 0:bkpps3.bin at 0x00740000 ... OK.
erase PS3 BIOS at 0x00740000 ... OK.
write PS3 BIOS at 0x00740000 ... OK.
read 0:bkpps3.bin at 0x00748000 ... OK.
write PS3 BIOS at 0x00748000 ... OK.
read 0:bkpps3.bin at 0x00750000 ... OK.
write PS3 BIOS at 0x00750000 ... OK.
read 0:bkpps3.bin at 0x00758000 ... OK.
write PS3 BIOS at 0x00758000 ... OK.
read 0:bkpps3.bin at 0x00760000 ... OK.
erase PS3 BIOS at 0x00760000 ... OK.
write PS3 BIOS at 0x00760000 ... OK.
read 0:bkpps3.bin at 0x00768000 ... OK.
write PS3 BIOS at 0x00768000 ... OK.
read 0:bkpps3.bin at 0x00770000 ... OK.
write PS3 BIOS at 0x00770000 ... OK.
read 0:bkpps3.bin at 0x00778000 ... OK.
write PS3 BIOS at 0x00778000 ... OK.
read 0:bkpps3.bin at 0x00780000 ... OK.
erase PS3 BIOS at 0x00780000 ... OK.
write PS3 BIOS at 0x00780000 ... OK.
read 0:bkpps3.bin at 0x00788000 ... OK.
write PS3 BIOS at 0x00788000 ... OK.
read 0:bkpps3.bin at 0x00790000 ... OK.
write PS3 BIOS at 0x00790000 ... OK.
read 0:bkpps3.bin at 0x00798000 ... OK.
write PS3 BIOS at 0x00798000 ... OK.
read 0:bkpps3.bin at 0x007A0000 ... OK.
erase PS3 BIOS at 0x007A0000 ... OK.
write PS3 BIOS at 0x007A0000 ... OK.
read 0:bkpps3.bin at 0x007A8000 ... OK.
write PS3 BIOS at 0x007A8000 ... OK.
read 0:bkpps3.bin at 0x007B0000 ... OK.
write PS3 BIOS at 0x007B0000 ... OK.
read 0:bkpps3.bin at 0x007B8000 ... OK.
write PS3 BIOS at 0x007B8000 ... OK.
read 0:bkpps3.bin at 0x007C0000 ... OK.
erase PS3 BIOS at 0x007C0000 ... OK.
write PS3 BIOS at 0x007C0000 ... OK.
read 0:bkpps3.bin at 0x007C8000 ... OK.
write PS3 BIOS at 0x007C8000 ... OK.
read 0:bkpps3.bin at 0x007D0000 ... OK.
write PS3 BIOS at 0x007D0000 ... OK.
read 0:bkpps3.bin at 0x007D8000 ... OK.
write PS3 BIOS at 0x007D8000 ... OK.
read 0:bkpps3.bin at 0x007E0000 ... OK.
erase PS3 BIOS at 0x007E0000 ... OK.
write PS3 BIOS at 0x007E0000 ... OK.
read 0:bkpps3.bin at 0x007E8000 ... OK.
write PS3 BIOS at 0x007E8000 ... OK.
read 0:bkpps3.bin at 0x007F0000 ... OK.
write PS3 BIOS at 0x007F0000 ... OK.
read 0:bkpps3.bin at 0x007F8000 ... OK.
write PS3 BIOS at 0x007F8000 ... OK.
read 0:bkpps3.bin at 0x00800000 ... OK.
erase PS3 BIOS at 0x00800000 ... OK.
write PS3 BIOS at 0x00800000 ... OK.
read 0:bkpps3.bin at 0x00808000 ... OK.
write PS3 BIOS at 0x00808000 ... OK.
read 0:bkpps3.bin at 0x00810000 ... OK.
write PS3 BIOS at 0x00810000 ... OK.
read 0:bkpps3.bin at 0x00818000 ... OK.
write PS3 BIOS at 0x00818000 ... OK.
read 0:bkpps3.bin at 0x00820000 ... OK.
erase PS3 BIOS at 0x00820000 ... OK.
write PS3 BIOS at 0x00820000 ... OK.
read 0:bkpps3.bin at 0x00828000 ... OK.
write PS3 BIOS at 0x00828000 ... OK.
read 0:bkpps3.bin at 0x00830000 ... OK.
write PS3 BIOS at 0x00830000 ... OK.
read 0:bkpps3.bin at 0x00838000 ... OK.
write PS3 BIOS at 0x00838000 ... OK.
read 0:bkpps3.bin at 0x00840000 ... OK.
erase PS3 BIOS at 0x00840000 ... OK.
write PS3 BIOS at 0x00840000 ... OK.
read 0:bkpps3.bin at 0x00848000 ... OK.
write PS3 BIOS at 0x00848000 ... OK.
read 0:bkpps3.bin at 0x00850000 ... OK.
write PS3 BIOS at 0x00850000 ... OK.
read 0:bkpps3.bin at 0x00858000 ... OK.
write PS3 BIOS at 0x00858000 ... OK.
read 0:bkpps3.bin at 0x00860000 ... OK.
erase PS3 BIOS at 0x00860000 ... OK.
write PS3 BIOS at 0x00860000 ... OK.
read 0:bkpps3.bin at 0x00868000 ... OK.
write PS3 BIOS at 0x00868000 ... OK.
read 0:bkpps3.bin at 0x00870000 ... OK.
write PS3 BIOS at 0x00870000 ... OK.
read 0:bkpps3.bin at 0x00878000 ... OK.
write PS3 BIOS at 0x00878000 ... OK.
read 0:bkpps3.bin at 0x00880000 ... OK.
erase PS3 BIOS at 0x00880000 ... OK.
write PS3 BIOS at 0x00880000 ... OK.
read 0:bkpps3.bin at 0x00888000 ... OK.
write PS3 BIOS at 0x00888000 ... OK.
read 0:bkpps3.bin at 0x00890000 ... OK.
write PS3 BIOS at 0x00890000 ... OK.
read 0:bkpps3.bin at 0x00898000 ... OK.
write PS3 BIOS at 0x00898000 ... OK.
read 0:bkpps3.bin at 0x008A0000 ... OK.
erase PS3 BIOS at 0x008A0000 ... OK.
write PS3 BIOS at 0x008A0000 ... OK.
read 0:bkpps3.bin at 0x008A8000 ... OK.
write PS3 BIOS at 0x008A8000 ... OK.
read 0:bkpps3.bin at 0x008B0000 ... OK.
write PS3 BIOS at 0x008B0000 ... OK.
read 0:bkpps3.bin at 0x008B8000 ... OK.
write PS3 BIOS at 0x008B8000 ... OK.
read 0:bkpps3.bin at 0x008C0000 ... OK.
erase PS3 BIOS at 0x008C0000 ... OK.
write PS3 BIOS at 0x008C0000 ... OK.
read 0:bkpps3.bin at 0x008C8000 ... OK.
write PS3 BIOS at 0x008C8000 ... OK.
read 0:bkpps3.bin at 0x008D0000 ... OK.
write PS3 BIOS at 0x008D0000 ... OK.
read 0:bkpps3.bin at 0x008D8000 ... OK.
write PS3 BIOS at 0x008D8000 ... OK.
read 0:bkpps3.bin at 0x008E0000 ... OK.
erase PS3 BIOS at 0x008E0000 ... OK.
write PS3 BIOS at 0x008E0000 ... OK.
read 0:bkpps3.bin at 0x008E8000 ... OK.
write PS3 BIOS at 0x008E8000 ... OK.
read 0:bkpps3.bin at 0x008F0000 ... OK.
write PS3 BIOS at 0x008F0000 ... OK.
read 0:bkpps3.bin at 0x008F8000 ... OK.
write PS3 BIOS at 0x008F8000 ... OK.
read 0:bkpps3.bin at 0x00900000 ... OK.
erase PS3 BIOS at 0x00900000 ... OK.
write PS3 BIOS at 0x00900000 ... OK.
read 0:bkpps3.bin at 0x00908000 ... OK.
write PS3 BIOS at 0x00908000 ... OK.
read 0:bkpps3.bin at 0x00910000 ... OK.
write PS3 BIOS at 0x00910000 ... OK.
read 0:bkpps3.bin at 0x00918000 ... OK.
write PS3 BIOS at 0x00918000 ... OK.
read 0:bkpps3.bin at 0x00920000 ... OK.
erase PS3 BIOS at 0x00920000 ... OK.
write PS3 BIOS at 0x00920000 ... OK.
read 0:bkpps3.bin at 0x00928000 ... OK.
write PS3 BIOS at 0x00928000 ... OK.
read 0:bkpps3.bin at 0x00930000 ... OK.
write PS3 BIOS at 0x00930000 ... OK.
read 0:bkpps3.bin at 0x00938000 ... OK.
write PS3 BIOS at 0x00938000 ... OK.
read 0:bkpps3.bin at 0x00940000 ... OK.
erase PS3 BIOS at 0x00940000 ... OK.
write PS3 BIOS at 0x00940000 ... OK.
read 0:bkpps3.bin at 0x00948000 ... OK.
write PS3 BIOS at 0x00948000 ... OK.
read 0:bkpps3.bin at 0x00950000 ... OK.
write PS3 BIOS at 0x00950000 ... OK.
read 0:bkpps3.bin at 0x00958000 ... OK.
write PS3 BIOS at 0x00958000 ... OK.
read 0:bkpps3.bin at 0x00960000 ... OK.
erase PS3 BIOS at 0x00960000 ... OK.
write PS3 BIOS at 0x00960000 ... OK.
read 0:bkpps3.bin at 0x00968000 ... OK.
write PS3 BIOS at 0x00968000 ... OK.
read 0:bkpps3.bin at 0x00970000 ... OK.
write PS3 BIOS at 0x00970000 ... OK.
read 0:bkpps3.bin at 0x00978000 ... OK.
write PS3 BIOS at 0x00978000 ... OK.
read 0:bkpps3.bin at 0x00980000 ... OK.
erase PS3 BIOS at 0x00980000 ... OK.
write PS3 BIOS at 0x00980000 ... OK.
read 0:bkpps3.bin at 0x00988000 ... OK.
write PS3 BIOS at 0x00988000 ... OK.
read 0:bkpps3.bin at 0x00990000 ... OK.
write PS3 BIOS at 0x00990000 ... OK.
read 0:bkpps3.bin at 0x00998000 ... OK.
write PS3 BIOS at 0x00998000 ... OK.
read 0:bkpps3.bin at 0x009A0000 ... OK.
erase PS3 BIOS at 0x009A0000 ... OK.
write PS3 BIOS at 0x009A0000 ... OK.
read 0:bkpps3.bin at 0x009A8000 ... OK.
write PS3 BIOS at 0x009A8000 ... OK.
read 0:bkpps3.bin at 0x009B0000 ... OK.
write PS3 BIOS at 0x009B0000 ... OK.
read 0:bkpps3.bin at 0x009B8000 ... OK.
write PS3 BIOS at 0x009B8000 ... OK.
read 0:bkpps3.bin at 0x009C0000 ... OK.
erase PS3 BIOS at 0x009C0000 ... OK.
write PS3 BIOS at 0x009C0000 ... OK.
read 0:bkpps3.bin at 0x009C8000 ... OK.
write PS3 BIOS at 0x009C8000 ... OK.
read 0:bkpps3.bin at 0x009D0000 ... OK.
write PS3 BIOS at 0x009D0000 ... OK.
read 0:bkpps3.bin at 0x009D8000 ... OK.
write PS3 BIOS at 0x009D8000 ... OK.
read 0:bkpps3.bin at 0x009E0000 ... OK.
erase PS3 BIOS at 0x009E0000 ... OK.
write PS3 BIOS at 0x009E0000 ... OK.
read 0:bkpps3.bin at 0x009E8000 ... OK.
write PS3 BIOS at 0x009E8000 ... OK.
read 0:bkpps3.bin at 0x009F0000 ... OK.
write PS3 BIOS at 0x009F0000 ... OK.
read 0:bkpps3.bin at 0x009F8000 ... OK.
write PS3 BIOS at 0x009F8000 ... OK.
read 0:bkpps3.bin at 0x00A00000 ... OK.
erase PS3 BIOS at 0x00A00000 ... OK.
write PS3 BIOS at 0x00A00000 ... OK.
read 0:bkpps3.bin at 0x00A08000 ... OK.
write PS3 BIOS at 0x00A08000 ... OK.
read 0:bkpps3.bin at 0x00A10000 ... OK.
write PS3 BIOS at 0x00A10000 ... OK.
read 0:bkpps3.bin at 0x00A18000 ... OK.
write PS3 BIOS at 0x00A18000 ... OK.
read 0:bkpps3.bin at 0x00A20000 ... OK.
erase PS3 BIOS at 0x00A20000 ... OK.
write PS3 BIOS at 0x00A20000 ... OK.
read 0:bkpps3.bin at 0x00A28000 ... OK.
write PS3 BIOS at 0x00A28000 ... OK.
read 0:bkpps3.bin at 0x00A30000 ... OK.
write PS3 BIOS at 0x00A30000 ... OK.
read 0:bkpps3.bin at 0x00A38000 ... OK.
write PS3 BIOS at 0x00A38000 ... OK.
read 0:bkpps3.bin at 0x00A40000 ... OK.
erase PS3 BIOS at 0x00A40000 ... OK.
write PS3 BIOS at 0x00A40000 ... OK.
read 0:bkpps3.bin at 0x00A48000 ... OK.
write PS3 BIOS at 0x00A48000 ... OK.
read 0:bkpps3.bin at 0x00A50000 ... OK.
write PS3 BIOS at 0x00A50000 ... OK.
read 0:bkpps3.bin at 0x00A58000 ... OK.
write PS3 BIOS at 0x00A58000 ... OK.
read 0:bkpps3.bin at 0x00A60000 ... OK.
erase PS3 BIOS at 0x00A60000 ... OK.
write PS3 BIOS at 0x00A60000 ... OK.
read 0:bkpps3.bin at 0x00A68000 ... OK.
write PS3 BIOS at 0x00A68000 ... OK.
read 0:bkpps3.bin at 0x00A70000 ... OK.
write PS3 BIOS at 0x00A70000 ... OK.
read 0:bkpps3.bin at 0x00A78000 ... OK.
write PS3 BIOS at 0x00A78000 ... OK.
read 0:bkpps3.bin at 0x00A80000 ... OK.
erase PS3 BIOS at 0x00A80000 ... OK.
write PS3 BIOS at 0x00A80000 ... OK.
read 0:bkpps3.bin at 0x00A88000 ... OK.
write PS3 BIOS at 0x00A88000 ... OK.
read 0:bkpps3.bin at 0x00A90000 ... OK.
write PS3 BIOS at 0x00A90000 ... OK.
read 0:bkpps3.bin at 0x00A98000 ... OK.
write PS3 BIOS at 0x00A98000 ... OK.
read 0:bkpps3.bin at 0x00AA0000 ... OK.
erase PS3 BIOS at 0x00AA0000 ... OK.
write PS3 BIOS at 0x00AA0000 ... OK.
read 0:bkpps3.bin at 0x00AA8000 ... OK.
write PS3 BIOS at 0x00AA8000 ... OK.
read 0:bkpps3.bin at 0x00AB0000 ... OK.
write PS3 BIOS at 0x00AB0000 ... OK.
read 0:bkpps3.bin at 0x00AB8000 ... OK.
write PS3 BIOS at 0x00AB8000 ... OK.
read 0:bkpps3.bin at 0x00AC0000 ... OK.
erase PS3 BIOS at 0x00AC0000 ... OK.
write PS3 BIOS at 0x00AC0000 ... OK.
read 0:bkpps3.bin at 0x00AC8000 ... OK.
write PS3 BIOS at 0x00AC8000 ... OK.
read 0:bkpps3.bin at 0x00AD0000 ... OK.
write PS3 BIOS at 0x00AD0000 ... OK.
read 0:bkpps3.bin at 0x00AD8000 ... OK.
write PS3 BIOS at 0x00AD8000 ... OK.
read 0:bkpps3.bin at 0x00AE0000 ... OK.
erase PS3 BIOS at 0x00AE0000 ... OK.
write PS3 BIOS at 0x00AE0000 ... OK.
read 0:bkpps3.bin at 0x00AE8000 ... OK.
write PS3 BIOS at 0x00AE8000 ... OK.
read 0:bkpps3.bin at 0x00AF0000 ... OK.
write PS3 BIOS at 0x00AF0000 ... OK.
read 0:bkpps3.bin at 0x00AF8000 ... OK.
write PS3 BIOS at 0x00AF8000 ... OK.
read 0:bkpps3.bin at 0x00B00000 ... OK.
erase PS3 BIOS at 0x00B00000 ... OK.
write PS3 BIOS at 0x00B00000 ... OK.
read 0:bkpps3.bin at 0x00B08000 ... OK.
write PS3 BIOS at 0x00B08000 ... OK.
read 0:bkpps3.bin at 0x00B10000 ... OK.
write PS3 BIOS at 0x00B10000 ... OK.
read 0:bkpps3.bin at 0x00B18000 ... OK.
write PS3 BIOS at 0x00B18000 ... OK.
read 0:bkpps3.bin at 0x00B20000 ... OK.
erase PS3 BIOS at 0x00B20000 ... OK.
write PS3 BIOS at 0x00B20000 ... OK.
read 0:bkpps3.bin at 0x00B28000 ... OK.
write PS3 BIOS at 0x00B28000 ... OK.
read 0:bkpps3.bin at 0x00B30000 ... OK.
write PS3 BIOS at 0x00B30000 ... OK.
read 0:bkpps3.bin at 0x00B38000 ... OK.
write PS3 BIOS at 0x00B38000 ... OK.
read 0:bkpps3.bin at 0x00B40000 ... OK.
erase PS3 BIOS at 0x00B40000 ... OK.
write PS3 BIOS at 0x00B40000 ... OK.
read 0:bkpps3.bin at 0x00B48000 ... OK.
write PS3 BIOS at 0x00B48000 ... OK.
read 0:bkpps3.bin at 0x00B50000 ... OK.
write PS3 BIOS at 0x00B50000 ... OK.
read 0:bkpps3.bin at 0x00B58000 ... OK.
write PS3 BIOS at 0x00B58000 ... OK.
read 0:bkpps3.bin at 0x00B60000 ... OK.
erase PS3 BIOS at 0x00B60000 ... OK.
write PS3 BIOS at 0x00B60000 ... OK.
read 0:bkpps3.bin at 0x00B68000 ... OK.
write PS3 BIOS at 0x00B68000 ... OK.
read 0:bkpps3.bin at 0x00B70000 ... OK.
write PS3 BIOS at 0x00B70000 ... OK.
read 0:bkpps3.bin at 0x00B78000 ... OK.
write PS3 BIOS at 0x00B78000 ... OK.
read 0:bkpps3.bin at 0x00B80000 ... OK.
erase PS3 BIOS at 0x00B80000 ... OK.
write PS3 BIOS at 0x00B80000 ... OK.
read 0:bkpps3.bin at 0x00B88000 ... OK.
write PS3 BIOS at 0x00B88000 ... OK.
read 0:bkpps3.bin at 0x00B90000 ... OK.
write PS3 BIOS at 0x00B90000 ... OK.
read 0:bkpps3.bin at 0x00B98000 ... OK.
write PS3 BIOS at 0x00B98000 ... OK.
read 0:bkpps3.bin at 0x00BA0000 ... OK.
erase PS3 BIOS at 0x00BA0000 ... OK.
write PS3 BIOS at 0x00BA0000 ... OK.
read 0:bkpps3.bin at 0x00BA8000 ... OK.
write PS3 BIOS at 0x00BA8000 ... OK.
read 0:bkpps3.bin at 0x00BB0000 ... OK.
write PS3 BIOS at 0x00BB0000 ... OK.
read 0:bkpps3.bin at 0x00BB8000 ... OK.
write PS3 BIOS at 0x00BB8000 ... OK.
read 0:bkpps3.bin at 0x00BC0000 ... OK.
erase PS3 BIOS at 0x00BC0000 ... OK.
write PS3 BIOS at 0x00BC0000 ... OK.
read 0:bkpps3.bin at 0x00BC8000 ... OK.
write PS3 BIOS at 0x00BC8000 ... OK.
read 0:bkpps3.bin at 0x00BD0000 ... OK.
write PS3 BIOS at 0x00BD0000 ... OK.
read 0:bkpps3.bin at 0x00BD8000 ... OK.
write PS3 BIOS at 0x00BD8000 ... OK.
read 0:bkpps3.bin at 0x00BE0000 ... OK.
erase PS3 BIOS at 0x00BE0000 ... OK.
write PS3 BIOS at 0x00BE0000 ... OK.
read 0:bkpps3.bin at 0x00BE8000 ... OK.
write PS3 BIOS at 0x00BE8000 ... OK.
read 0:bkpps3.bin at 0x00BF0000 ... OK.
write PS3 BIOS at 0x00BF0000 ... OK.
read 0:bkpps3.bin at 0x00BF8000 ... OK.
write PS3 BIOS at 0x00BF8000 ... OK.
read 0:bkpps3.bin at 0x00C00000 ... OK.
erase PS3 BIOS at 0x00C00000 ... OK.
write PS3 BIOS at 0x00C00000 ... OK.
read 0:bkpps3.bin at 0x00C08000 ... OK.
write PS3 BIOS at 0x00C08000 ... OK.
read 0:bkpps3.bin at 0x00C10000 ... OK.
write PS3 BIOS at 0x00C10000 ... OK.
read 0:bkpps3.bin at 0x00C18000 ... OK.
write PS3 BIOS at 0x00C18000 ... OK.
read 0:bkpps3.bin at 0x00C20000 ... OK.
erase PS3 BIOS at 0x00C20000 ... OK.
write PS3 BIOS at 0x00C20000 ... OK.
read 0:bkpps3.bin at 0x00C28000 ... OK.
write PS3 BIOS at 0x00C28000 ... OK.
read 0:bkpps3.bin at 0x00C30000 ... OK.
write PS3 BIOS at 0x00C30000 ... OK.
read 0:bkpps3.bin at 0x00C38000 ... OK.
write PS3 BIOS at 0x00C38000 ... OK.
read 0:bkpps3.bin at 0x00C40000 ... OK.
erase PS3 BIOS at 0x00C40000 ... OK.
write PS3 BIOS at 0x00C40000 ... OK.
read 0:bkpps3.bin at 0x00C48000 ... OK.
write PS3 BIOS at 0x00C48000 ... OK.
read 0:bkpps3.bin at 0x00C50000 ... OK.
write PS3 BIOS at 0x00C50000 ... OK.
read 0:bkpps3.bin at 0x00C58000 ... OK.
write PS3 BIOS at 0x00C58000 ... OK.
read 0:bkpps3.bin at 0x00C60000 ... OK.
erase PS3 BIOS at 0x00C60000 ... OK.
write PS3 BIOS at 0x00C60000 ... OK.
read 0:bkpps3.bin at 0x00C68000 ... OK.
write PS3 BIOS at 0x00C68000 ... OK.
read 0:bkpps3.bin at 0x00C70000 ... OK.
write PS3 BIOS at 0x00C70000 ... OK.
read 0:bkpps3.bin at 0x00C78000 ... OK.
write PS3 BIOS at 0x00C78000 ... OK.
read 0:bkpps3.bin at 0x00C80000 ... OK.
erase PS3 BIOS at 0x00C80000 ... OK.
write PS3 BIOS at 0x00C80000 ... OK.
read 0:bkpps3.bin at 0x00C88000 ... OK.
write PS3 BIOS at 0x00C88000 ... OK.
read 0:bkpps3.bin at 0x00C90000 ... OK.
write PS3 BIOS at 0x00C90000 ... OK.
read 0:bkpps3.bin at 0x00C98000 ... OK.
write PS3 BIOS at 0x00C98000 ... OK.
read 0:bkpps3.bin at 0x00CA0000 ... OK.
erase PS3 BIOS at 0x00CA0000 ... OK.
write PS3 BIOS at 0x00CA0000 ... OK.
read 0:bkpps3.bin at 0x00CA8000 ... OK.
write PS3 BIOS at 0x00CA8000 ... OK.
read 0:bkpps3.bin at 0x00CB0000 ... OK.
write PS3 BIOS at 0x00CB0000 ... OK.
read 0:bkpps3.bin at 0x00CB8000 ... OK.
write PS3 BIOS at 0x00CB8000 ... OK.
read 0:bkpps3.bin at 0x00CC0000 ... OK.
erase PS3 BIOS at 0x00CC0000 ... OK.
write PS3 BIOS at 0x00CC0000 ... OK.
read 0:bkpps3.bin at 0x00CC8000 ... OK.
write PS3 BIOS at 0x00CC8000 ... OK.
read 0:bkpps3.bin at 0x00CD0000 ... OK.
write PS3 BIOS at 0x00CD0000 ... OK.
read 0:bkpps3.bin at 0x00CD8000 ... OK.
write PS3 BIOS at 0x00CD8000 ... OK.
read 0:bkpps3.bin at 0x00CE0000 ... OK.
erase PS3 BIOS at 0x00CE0000 ... OK.
write PS3 BIOS at 0x00CE0000 ... OK.
read 0:bkpps3.bin at 0x00CE8000 ... OK.
write PS3 BIOS at 0x00CE8000 ... OK.
read 0:bkpps3.bin at 0x00CF0000 ... OK.
write PS3 BIOS at 0x00CF0000 ... OK.
read 0:bkpps3.bin at 0x00CF8000 ... OK.
write PS3 BIOS at 0x00CF8000 ... OK.
read 0:bkpps3.bin at 0x00D00000 ... OK.
erase PS3 BIOS at 0x00D00000 ... OK.
write PS3 BIOS at 0x00D00000 ... OK.
read 0:bkpps3.bin at 0x00D08000 ... OK.
write PS3 BIOS at 0x00D08000 ... OK.
read 0:bkpps3.bin at 0x00D10000 ... OK.
write PS3 BIOS at 0x00D10000 ... OK.
read 0:bkpps3.bin at 0x00D18000 ... OK.
write PS3 BIOS at 0x00D18000 ... OK.
read 0:bkpps3.bin at 0x00D20000 ... OK.
erase PS3 BIOS at 0x00D20000 ... OK.
write PS3 BIOS at 0x00D20000 ... OK.
read 0:bkpps3.bin at 0x00D28000 ... OK.
write PS3 BIOS at 0x00D28000 ... OK.
read 0:bkpps3.bin at 0x00D30000 ... OK.
write PS3 BIOS at 0x00D30000 ... OK.
read 0:bkpps3.bin at 0x00D38000 ... OK.
write PS3 BIOS at 0x00D38000 ... OK.
read 0:bkpps3.bin at 0x00D40000 ... OK.
erase PS3 BIOS at 0x00D40000 ... OK.
write PS3 BIOS at 0x00D40000 ... OK.
read 0:bkpps3.bin at 0x00D48000 ... OK.
write PS3 BIOS at 0x00D48000 ... OK.
read 0:bkpps3.bin at 0x00D50000 ... OK.
write PS3 BIOS at 0x00D50000 ... OK.
read 0:bkpps3.bin at 0x00D58000 ... OK.
write PS3 BIOS at 0x00D58000 ... OK.
read 0:bkpps3.bin at 0x00D60000 ... OK.
erase PS3 BIOS at 0x00D60000 ... OK.
write PS3 BIOS at 0x00D60000 ... OK.
read 0:bkpps3.bin at 0x00D68000 ... OK.
write PS3 BIOS at 0x00D68000 ... OK.
read 0:bkpps3.bin at 0x00D70000 ... OK.
write PS3 BIOS at 0x00D70000 ... OK.
read 0:bkpps3.bin at 0x00D78000 ... OK.
write PS3 BIOS at 0x00D78000 ... OK.
read 0:bkpps3.bin at 0x00D80000 ... OK.
erase PS3 BIOS at 0x00D80000 ... OK.
write PS3 BIOS at 0x00D80000 ... OK.
read 0:bkpps3.bin at 0x00D88000 ... OK.
write PS3 BIOS at 0x00D88000 ... OK.
read 0:bkpps3.bin at 0x00D90000 ... OK.
write PS3 BIOS at 0x00D90000 ... OK.
read 0:bkpps3.bin at 0x00D98000 ... OK.
write PS3 BIOS at 0x00D98000 ... OK.
read 0:bkpps3.bin at 0x00DA0000 ... OK.
erase PS3 BIOS at 0x00DA0000 ... OK.
write PS3 BIOS at 0x00DA0000 ... OK.
read 0:bkpps3.bin at 0x00DA8000 ... OK.
write PS3 BIOS at 0x00DA8000 ... OK.
read 0:bkpps3.bin at 0x00DB0000 ... OK.
write PS3 BIOS at 0x00DB0000 ... OK.
read 0:bkpps3.bin at 0x00DB8000 ... OK.
write PS3 BIOS at 0x00DB8000 ... OK.
read 0:bkpps3.bin at 0x00DC0000 ... OK.
erase PS3 BIOS at 0x00DC0000 ... OK.
write PS3 BIOS at 0x00DC0000 ... OK.
read 0:bkpps3.bin at 0x00DC8000 ... OK.
write PS3 BIOS at 0x00DC8000 ... OK.
read 0:bkpps3.bin at 0x00DD0000 ... OK.
write PS3 BIOS at 0x00DD0000 ... OK.
read 0:bkpps3.bin at 0x00DD8000 ... OK.
write PS3 BIOS at 0x00DD8000 ... OK.
read 0:bkpps3.bin at 0x00DE0000 ... OK.
erase PS3 BIOS at 0x00DE0000 ... OK.
write PS3 BIOS at 0x00DE0000 ... OK.
read 0:bkpps3.bin at 0x00DE8000 ... OK.
write PS3 BIOS at 0x00DE8000 ... OK.
read 0:bkpps3.bin at 0x00DF0000 ... OK.
write PS3 BIOS at 0x00DF0000 ... OK.
read 0:bkpps3.bin at 0x00DF8000 ... OK.
write PS3 BIOS at 0x00DF8000 ... OK.
read 0:bkpps3.bin at 0x00E00000 ... OK.
erase PS3 BIOS at 0x00E00000 ... OK.
write PS3 BIOS at 0x00E00000 ... OK.
read 0:bkpps3.bin at 0x00E08000 ... OK.
write PS3 BIOS at 0x00E08000 ... OK.
read 0:bkpps3.bin at 0x00E10000 ... OK.
write PS3 BIOS at 0x00E10000 ... OK.
read 0:bkpps3.bin at 0x00E18000 ... OK.
write PS3 BIOS at 0x00E18000 ... OK.
read 0:bkpps3.bin at 0x00E20000 ... OK.
erase PS3 BIOS at 0x00E20000 ... OK.
write PS3 BIOS at 0x00E20000 ... OK.
read 0:bkpps3.bin at 0x00E28000 ... OK.
write PS3 BIOS at 0x00E28000 ... OK.
read 0:bkpps3.bin at 0x00E30000 ... OK.
write PS3 BIOS at 0x00E30000 ... OK.
read 0:bkpps3.bin at 0x00E38000 ... OK.
write PS3 BIOS at 0x00E38000 ... OK.
read 0:bkpps3.bin at 0x00E40000 ... OK.
erase PS3 BIOS at 0x00E40000 ... OK.
write PS3 BIOS at 0x00E40000 ... OK.
read 0:bkpps3.bin at 0x00E48000 ... OK.
write PS3 BIOS at 0x00E48000 ... OK.
read 0:bkpps3.bin at 0x00E50000 ... OK.
write PS3 BIOS at 0x00E50000 ... OK.
read 0:bkpps3.bin at 0x00E58000 ... OK.
write PS3 BIOS at 0x00E58000 ... OK.
read 0:bkpps3.bin at 0x00E60000 ... OK.
erase PS3 BIOS at 0x00E60000 ... OK.
write PS3 BIOS at 0x00E60000 ... OK.
read 0:bkpps3.bin at 0x00E68000 ... OK.
write PS3 BIOS at 0x00E68000 ... OK.
read 0:bkpps3.bin at 0x00E70000 ... OK.
write PS3 BIOS at 0x00E70000 ... OK.
read 0:bkpps3.bin at 0x00E78000 ... OK.
write PS3 BIOS at 0x00E78000 ... OK.
read 0:bkpps3.bin at 0x00E80000 ... OK.
erase PS3 BIOS at 0x00E80000 ... OK.
write PS3 BIOS at 0x00E80000 ... OK.
read 0:bkpps3.bin at 0x00E88000 ... OK.
write PS3 BIOS at 0x00E88000 ... OK.
read 0:bkpps3.bin at 0x00E90000 ... OK.
write PS3 BIOS at 0x00E90000 ... OK.
read 0:bkpps3.bin at 0x00E98000 ... OK.
write PS3 BIOS at 0x00E98000 ... OK.
read 0:bkpps3.bin at 0x00EA0000 ... OK.
erase PS3 BIOS at 0x00EA0000 ... OK.
write PS3 BIOS at 0x00EA0000 ... OK.
read 0:bkpps3.bin at 0x00EA8000 ... OK.
write PS3 BIOS at 0x00EA8000 ... OK.
read 0:bkpps3.bin at 0x00EB0000 ... OK.
write PS3 BIOS at 0x00EB0000 ... OK.
read 0:bkpps3.bin at 0x00EB8000 ... OK.
write PS3 BIOS at 0x00EB8000 ... OK.
read 0:bkpps3.bin at 0x00EC0000 ... OK.
erase PS3 BIOS at 0x00EC0000 ... OK.
write PS3 BIOS at 0x00EC0000 ... OK.
read 0:bkpps3.bin at 0x00EC8000 ... OK.
write PS3 BIOS at 0x00EC8000 ... OK.
read 0:bkpps3.bin at 0x00ED0000 ... OK.
write PS3 BIOS at 0x00ED0000 ... OK.
read 0:bkpps3.bin at 0x00ED8000 ... OK.
write PS3 BIOS at 0x00ED8000 ... OK.
read 0:bkpps3.bin at 0x00EE0000 ... OK.
erase PS3 BIOS at 0x00EE0000 ... OK.
write PS3 BIOS at 0x00EE0000 ... OK.
read 0:bkpps3.bin at 0x00EE8000 ... OK.
write PS3 BIOS at 0x00EE8000 ... OK.
read 0:bkpps3.bin at 0x00EF0000 ... OK.
write PS3 BIOS at 0x00EF0000 ... OK.
read 0:bkpps3.bin at 0x00EF8000 ... OK.
write PS3 BIOS at 0x00EF8000 ... OK.
read 0:bkpps3.bin at 0x00F00000 ... OK.
erase PS3 BIOS at 0x00F00000 ... OK.
write PS3 BIOS at 0x00F00000 ... OK.
read 0:bkpps3.bin at 0x00F08000 ... OK.
write PS3 BIOS at 0x00F08000 ... OK.
read 0:bkpps3.bin at 0x00F10000 ... OK.
write PS3 BIOS at 0x00F10000 ... OK.
read 0:bkpps3.bin at 0x00F18000 ... OK.
write PS3 BIOS at 0x00F18000 ... OK.
read 0:bkpps3.bin at 0x00F20000 ... OK.
erase PS3 BIOS at 0x00F20000 ... OK.
write PS3 BIOS at 0x00F20000 ... OK.
read 0:bkpps3.bin at 0x00F28000 ... OK.
write PS3 BIOS at 0x00F28000 ... OK.
read 0:bkpps3.bin at 0x00F30000 ... OK.
write PS3 BIOS at 0x00F30000 ... OK.
read 0:bkpps3.bin at 0x00F38000 ... OK.
write PS3 BIOS at 0x00F38000 ... OK.
read 0:bkpps3.bin at 0x00F40000 ... OK.
erase PS3 BIOS at 0x00F40000 ... OK.
write PS3 BIOS at 0x00F40000 ... OK.
read 0:bkpps3.bin at 0x00F48000 ... OK.
write PS3 BIOS at 0x00F48000 ... OK.
read 0:bkpps3.bin at 0x00F50000 ... OK.
write PS3 BIOS at 0x00F50000 ... OK.
read 0:bkpps3.bin at 0x00F58000 ... OK.
write PS3 BIOS at 0x00F58000 ... OK.
read 0:bkpps3.bin at 0x00F60000 ... OK.
erase PS3 BIOS at 0x00F60000 ... OK.
write PS3 BIOS at 0x00F60000 ... OK.
read 0:bkpps3.bin at 0x00F68000 ... OK.
write PS3 BIOS at 0x00F68000 ... OK.
read 0:bkpps3.bin at 0x00F70000 ... OK.
write PS3 BIOS at 0x00F70000 ... OK.
read 0:bkpps3.bin at 0x00F78000 ... OK.
write PS3 BIOS at 0x00F78000 ... OK.
read 0:bkpps3.bin at 0x00F80000 ... OK.
erase PS3 BIOS at 0x00F80000 ... OK.
write PS3 BIOS at 0x00F80000 ... OK.
read 0:bkpps3.bin at 0x00F88000 ... OK.
write PS3 BIOS at 0x00F88000 ... OK.
read 0:bkpps3.bin at 0x00F90000 ... OK.
write PS3 BIOS at 0x00F90000 ... OK.
read 0:bkpps3.bin at 0x00F98000 ... OK.
write PS3 BIOS at 0x00F98000 ... OK.
read 0:bkpps3.bin at 0x00FA0000 ... OK.
erase PS3 BIOS at 0x00FA0000 ... OK.
write PS3 BIOS at 0x00FA0000 ... OK.
read 0:bkpps3.bin at 0x00FA8000 ... OK.
write PS3 BIOS at 0x00FA8000 ... OK.
read 0:bkpps3.bin at 0x00FB0000 ... OK.
write PS3 BIOS at 0x00FB0000 ... OK.
read 0:bkpps3.bin at 0x00FB8000 ... OK.
write PS3 BIOS at 0x00FB8000 ... OK.
read 0:bkpps3.bin at 0x00FC0000 ... OK.
erase PS3 BIOS at 0x00FC0000 ... OK.
write PS3 BIOS at 0x00FC0000 ... OK.
read 0:bkpps3.bin at 0x00FC8000 ... OK.
write PS3 BIOS at 0x00FC8000 ... OK.
read 0:bkpps3.bin at 0x00FD0000 ... OK.
write PS3 BIOS at 0x00FD0000 ... OK.
read 0:bkpps3.bin at 0x00FD8000 ... OK.
write PS3 BIOS at 0x00FD8000 ... OK.
read 0:bkpps3.bin at 0x00FE0000 ... OK.
erase PS3 BIOS at 0x00FE0000 ... OK.
write PS3 BIOS at 0x00FE0000 ... OK.
read 0:bkpps3.bin at 0x00FE8000 ... OK.
write PS3 BIOS at 0x00FE8000 ... OK.
read 0:bkpps3.bin at 0x00FF0000 ... OK.
write PS3 BIOS at 0x00FF0000 ... OK.
read 0:bkpps3.bin at 0x00FF8000 ... OK.
write PS3 BIOS at 0x00FF8000 ... OK.
Program Nor OK.
